<?xml version="1.0" encoding="UTF-8"?>
<testng-results ignored="0" total="1" passed="1" failed="0" skipped="0">
  <reporter-output>
  </reporter-output>
  <suite started-at="2024-10-01T09:39:31Z" name="Default suite" finished-at="2024-10-01T09:39:34Z" duration-ms="3219">
    <groups>
    </groups>
    <test started-at="2024-10-01T09:39:31Z" name="Default test" finished-at="2024-10-01T09:39:34Z" duration-ms="3219">
      <class name="test.LaunchController">
        <test-method signature="OfferShift()[pri:0, instance:test.LaunchController@790132f7]" started-at="2024-10-01T09:39:31Z" name="OfferShift" finished-at="2024-10-01T09:39:34Z" duration-ms="3184" status="PASS">
          <reporter-output>
          </reporter-output>
        </test-method> <!-- OfferShift -->
      </class> <!-- test.LaunchController -->
    </test> <!-- Default test -->
  </suite> <!-- Default suite -->
</testng-results>
